# Title Delone variety and input centering M2A  C
# Radius of confusion 0.1
# min best Sella values 5.77248e-14
# max best Sella values 0.130656
0,0,0.1,5.77248e-14,
-0,-0,-0.1,5.77248e-14,
0.019509,0,0.098079,0.0238935,
0.019509,0,-0.098079,0.0238935,
-0.019509,0,0.098079,0.0238935,
-0.019509,0,-0.098079,0.0238935,
0,0.019509,0.098079,0.0137949,
0,0.019509,-0.098079,0.0137949,
0,-0.019509,0.098079,0.0137949,
0,-0.019509,-0.098079,0.0137949,
0.038268,0,0.092388,0.0468685,
0.038268,0,-0.092388,0.0468685,
-0.038268,0,0.092388,0.0468685,
-0.038268,0,-0.092388,0.0468685,
0.019876,0.019876,0.095968,0.0344262,
0.019876,0.019876,-0.095968,0.0344262,
0.019876,-0.019876,0.095968,0.019876,
-0.019876,0.019876,0.095968,0.019876,
0.019876,-0.019876,-0.095968,0.019876,
-0.019876,0.019876,-0.095968,0.019876,
-0.019876,-0.019876,0.095968,0.0344262,
-0.019876,-0.019876,-0.095968,0.0344262,
0,0.038268,0.092388,0.0270596,
0,0.038268,-0.092388,0.0270596,
0,-0.038268,0.092388,0.0270596,
0,-0.038268,-0.092388,0.0270596,
0.055557,0,0.083147,0.0680432,
0.055557,0,-0.083147,0.0680432,
-0.055557,0,0.083147,0.0680432,
-0.055557,0,-0.083147,0.0680432,
0.039421,0.020447,0.089599,0.0578455,
0.039421,0.020447,-0.089599,0.0578455,
0.039421,-0.020447,0.089599,0.0416416,
-0.039421,0.020447,0.089599,0.0416416,
0.039421,-0.020447,-0.089599,0.0416416,
-0.039421,0.020447,-0.089599,0.0416416,
-0.039421,-0.020447,0.089599,0.0578455,
-0.039421,-0.020447,-0.089599,0.0578455,
0.020447,0.039421,0.089599,0.0470124,
0.020447,0.039421,-0.089599,0.0470124,
0.020447,-0.039421,0.089599,0.0244558,
-0.020447,0.039421,0.089599,0.0244558,
0.020447,-0.039421,-0.089599,0.0244558,
-0.020447,0.039421,-0.089599,0.0244558,
-0.020447,-0.039421,0.089599,0.0470124,
-0.020447,-0.039421,-0.089599,0.0470124,
0,0.055557,0.083147,0.0392847,
0,0.055557,-0.083147,0.0392847,
0,-0.055557,0.083147,0.0392847,
0,-0.055557,-0.083147,0.0392847,
0.070711,0,0.070711,0.0866029,
0.070711,0,-0.070711,0.0866029,
-0.070711,0,0.070711,0.0866029,
-0.070711,0,-0.070711,0.0866029,
0.057735,0.021133,0.078868,0.0802709,
0.057735,0.021133,-0.078868,0.0802709,
0.057735,-0.021133,0.078868,0.0632707,
-0.057735,0.021133,0.078868,0.0632707,
0.057735,-0.021133,-0.078868,0.0632707,
-0.057735,0.021133,-0.078868,0.0632707,
-0.057735,-0.021133,0.078868,0.0802709,
-0.057735,-0.021133,-0.078868,0.0802709,
0.040825,0.040825,0.08165,0.070711,
0.040825,0.040825,-0.08165,0.070711,
0.040825,-0.040825,0.08165,0.040825,
-0.040825,0.040825,0.08165,0.040825,
0.040825,-0.040825,-0.08165,0.040825,
-0.040825,0.040825,-0.08165,0.040825,
-0.040825,-0.040825,0.08165,0.070711,
-0.040825,-0.040825,-0.08165,0.070711,
0.021133,0.057735,0.078868,0.0596379,
0.021133,0.057735,-0.078868,0.0596379,
0.021133,-0.057735,0.078868,0.0334134,
-0.021133,0.057735,0.078868,0.0334134,
0.021133,-0.057735,-0.078868,0.0334134,
-0.021133,0.057735,-0.078868,0.0334134,
-0.021133,-0.057735,0.078868,0.0596379,
-0.021133,-0.057735,-0.078868,0.0596379,
-0,0.070711,0.070711,0.0500002,
-0,0.070711,-0.070711,0.0500002,
-0,-0.070711,0.070711,0.0500002,
-0,-0.070711,-0.070711,0.0500002,
0.083147,0,0.055557,0.101834,
0.083147,0,-0.055557,0.101834,
-0.083147,0,0.055557,0.101834,
-0.083147,0,-0.055557,0.101834,
0.073821,0.021746,0.063856,0.10008,
0.073821,0.021746,-0.063856,0.10008,
0.073821,-0.021746,0.063856,0.0824951,
-0.073821,0.021746,0.063856,0.0824951,
0.073821,-0.021746,-0.063856,0.0824951,
-0.073821,0.021746,-0.063856,0.0824951,
-0.073821,-0.021746,0.063856,0.10008,
-0.073821,-0.021746,-0.063856,0.10008,
0.059854,0.042124,0.06814,0.0937137,
0.059854,0.042124,-0.06814,0.0937137,
0.059854,-0.042124,0.06814,0.0611529,
-0.059854,0.042124,0.06814,0.0611529,
0.059854,-0.042124,-0.06814,0.0611529,
-0.059854,0.042124,-0.06814,0.0611529,
-0.059854,-0.042124,0.06814,0.0937137,
-0.059854,-0.042124,-0.06814,0.0937137,
0.042124,0.059854,0.06814,0.0835116,
0.042124,0.059854,-0.06814,0.0835116,
0.042124,-0.059854,0.06814,0.0439501,
-0.042124,0.059854,0.06814,0.0439501,
0.042124,-0.059854,-0.06814,0.0439501,
-0.042124,0.059854,-0.06814,0.0439501,
-0.042124,-0.059854,0.06814,0.0835116,
-0.042124,-0.059854,-0.06814,0.0835116,
0.021746,0.073821,0.063856,0.0709888,
0.021746,0.073821,-0.063856,0.0709888,
0.021746,-0.073821,0.063856,0.0427644,
-0.021746,0.073821,0.063856,0.0427644,
0.021746,-0.073821,-0.063856,0.0427644,
-0.021746,0.073821,-0.063856,0.0427644,
-0.021746,-0.073821,0.063856,0.0709888,
-0.021746,-0.073821,-0.063856,0.0709888,
-0,0.083147,0.055557,0.0587938,
-0,0.083147,-0.055557,0.0587938,
-0,-0.083147,0.055557,0.0587938,
-0,-0.083147,-0.055557,0.0587938,
0.092388,0,0.038268,0.113152,
0.092388,0,-0.038268,0.113152,
-0.092388,0,0.038268,0.113152,
-0.092388,0,-0.038268,0.113152,
0.086584,0.021956,0.044958,0.115703,
0.086584,0.021956,-0.044958,0.115703,
0.086584,-0.021956,0.044958,0.0979039,
-0.086584,0.021956,0.044958,0.0979039,
0.086584,-0.021956,-0.044958,0.0979039,
-0.086584,0.021956,-0.044958,0.0979039,
-0.086584,-0.021956,0.044958,0.115703,
-0.086584,-0.021956,-0.044958,0.115703,
0.075926,0.04268,0.049128,0.11313,
0.075926,0.04268,-0.049128,0.11313,
0.075926,-0.04268,0.049128,0.0794821,
-0.075926,0.04268,0.049128,0.0794821,
0.075926,-0.04268,-0.049128,0.0794821,
-0.075926,0.04268,-0.049128,0.0794821,
-0.075926,-0.04268,0.049128,0.11313,
-0.075926,-0.04268,-0.049128,0.11313,
0.061013,0.061013,0.050545,0.105678,
0.061013,0.061013,-0.050545,0.105678,
0.061013,-0.061013,0.050545,0.061013,
-0.061013,0.061013,0.050545,0.061013,
0.061013,-0.061013,-0.050545,0.061013,
-0.061013,0.061013,-0.050545,0.061013,
-0.061013,-0.061013,0.050545,0.105678,
-0.061013,-0.061013,-0.050545,0.105678,
0.04268,0.075926,0.049128,0.0941025,
0.04268,0.075926,-0.049128,0.0941025,
0.04268,-0.075926,0.049128,0.0487261,
-0.04268,0.075926,0.049128,0.0487261,
0.04268,-0.075926,-0.049128,0.0487261,
-0.04268,0.075926,-0.049128,0.0487261,
-0.04268,-0.075926,0.049128,0.0941025,
-0.04268,-0.075926,-0.049128,0.0941025,
0.021956,0.086584,0.044958,0.0798281,
0.021956,0.086584,-0.044958,0.0798281,
0.021956,-0.086584,0.044958,0.0506997,
-0.021956,0.086584,0.044958,0.0506997,
0.021956,-0.086584,-0.044958,0.0506997,
-0.021956,0.086584,-0.044958,0.0506997,
-0.021956,-0.086584,0.044958,0.0798281,
-0.021956,-0.086584,-0.044958,0.0798281,
0,0.092388,0.038268,0.0653282,
0,0.092388,-0.038268,0.0653282,
0,-0.092388,0.038268,0.0653282,
0,-0.092388,-0.038268,0.0653282,
0.098079,0,0.019509,0.120122,
0.098079,0,-0.019509,0.120122,
-0.098079,0,0.019509,0.120122,
-0.098079,0,-0.019509,0.120122,
0.094925,0.02132,0.023123,0.125568,
0.094925,0.02132,-0.023123,0.125568,
0.094925,-0.02132,0.023123,0.108257,
-0.094925,0.02132,0.023123,0.108257,
0.094925,-0.02132,-0.023123,0.108257,
-0.094925,0.02132,-0.023123,0.108257,
-0.094925,-0.02132,0.023123,0.125568,
-0.094925,-0.02132,-0.023123,0.125568,
0.087239,0.041621,0.025632,0.126147,
0.087239,0.041621,-0.025632,0.126147,
0.087239,-0.041621,0.025632,0.0930115,
-0.087239,0.041621,0.025632,0.0930115,
0.087239,-0.041621,-0.025632,0.0930115,
-0.087239,0.041621,-0.025632,0.0930115,
-0.087239,-0.041621,0.025632,0.126147,
-0.087239,-0.041621,-0.025632,0.126147,
0.075387,0.059935,0.026917,0.121816,
0.075387,0.059935,-0.026917,0.121816,
0.075387,-0.059935,0.026917,0.0761747,
-0.075387,0.059935,0.026917,0.0761747,
0.075387,-0.059935,-0.026917,0.0761747,
-0.075387,0.059935,-0.026917,0.0761747,
-0.075387,-0.059935,0.026917,0.121816,
-0.075387,-0.059935,-0.026917,0.121816,
0.059935,0.075387,0.026917,0.112908,
0.059935,0.075387,-0.026917,0.112908,
0.059935,-0.075387,0.026917,0.0609228,
-0.059935,0.075387,0.026917,0.0609228,
0.059935,-0.075387,-0.026917,0.0609228,
-0.059935,0.075387,-0.026917,0.0609228,
-0.059935,-0.075387,0.026917,0.112908,
-0.059935,-0.075387,-0.026917,0.112908,
0.041621,0.087239,0.025632,0.100174,
0.041621,0.087239,-0.025632,0.100174,
0.041621,-0.087239,0.025632,0.0526575,
-0.041621,0.087239,0.025632,0.0526575,
0.041621,-0.087239,-0.025632,0.0526575,
-0.041621,0.087239,-0.025632,0.0526575,
-0.041621,-0.087239,0.025632,0.100174,
-0.041621,-0.087239,-0.025632,0.100174,
0.02132,0.094925,0.023123,0.0849176,
0.02132,0.094925,-0.023123,0.0849176,
0.02132,-0.094925,0.023123,0.056244,
-0.02132,0.094925,0.023123,0.056244,
0.02132,-0.094925,-0.023123,0.056244,
-0.02132,0.094925,-0.023123,0.056244,
-0.02132,-0.094925,0.023123,0.0849176,
-0.02132,-0.094925,-0.023123,0.0849176,
-0,0.098079,0.019509,0.0693523,
-0,0.098079,-0.019509,0.0693523,
-0,-0.098079,0.019509,0.0693523,
-0,-0.098079,-0.019509,0.0693523,
0.1,0,0,0.122474,
-0.1,0,0,0.122474,
0.098079,0.019509,0,0.128581,
0.098079,-0.019509,0,0.112721,
-0.098079,0.019509,0,0.112721,
-0.098079,-0.019509,0,0.128581,
0.092388,0.038268,0,0.130656,
0.092388,-0.038268,0,0.1,
-0.092388,0.038268,0,0.1,
-0.092388,-0.038268,0,0.130656,
0.083147,0.055557,0,0.12858,
0.083147,-0.055557,0,0.0854051,
-0.083147,0.055557,0,0.0854051,
-0.083147,-0.055557,0,0.12858,
0.070711,0.070711,0,0.122475,
0.070711,-0.070711,0,0.070711,
-0.070711,0.070711,0,0.070711,
-0.070711,-0.070711,0,0.122475,
0.055557,0.083147,0,0.112721,
0.055557,-0.083147,0,0.0588828,
-0.055557,0.083147,0,0.0588828,
-0.055557,-0.083147,0,0.112721,
0.038268,0.092388,0,0.0999997,
0.038268,-0.092388,0,0.0541196,
-0.038268,0.092388,0,0.0541196,
-0.038268,-0.092388,0,0.0999997,
0.019509,0.098079,0,0.0854053,
0.019509,-0.098079,0,0.0588831,
-0.019509,0.098079,0,0.0588831,
-0.019509,-0.098079,0,0.0854053,
0,0.1,0,0.0707107,
0,-0.1,0,0.0707107,
